

-------- Grammar --------

rule 1 Program: 
rule 2 Program: Expressions
rule 3 Expressions: Expression
rule 4 Expressions: Expressions Terminator Expression
rule 5 Expressions: Expressions Terminator
rule 6 Expressions: Terminator
rule 7 Expression: Literal
rule 8 Expression: Call
rule 9 Expression: Operator
rule 10 Expression: GetLocal
rule 11 Expression: SetLocal
rule 12 Expression: Def
rule 13 Expression: Class
rule 14 Expression: If
rule 15 Expression: "(" Expression ")"
rule 16 Expression: While
rule 17 Terminator: ";"
rule 18 Terminator: NewLine
rule 19 NewLine: NEWLINE
rule 20 Literal: BNUMBER
rule 21 Literal: BSTRING
rule 22 Literal: BTRUE
rule 23 Literal: BFALSE
rule 24 Literal: BNIL
rule 25 Call: BIDENTIFIER Arguments
rule 26 @1: 
rule 27 Call: Expression "." BIDENTIFIER @1 Arguments
rule 28 Call: Expression "." BIDENTIFIER
rule 29 Arguments: "(" ")"
rule 30 Arguments: "(" ArgList ")"
rule 31 ArgList: Expression
rule 32 ArgList: ArgList "," Expression
rule 33 Operator: Expression "||" Expression
rule 34 Operator: Expression "&&" Expression
rule 35 Operator: Expression "==" Expression
rule 36 Operator: Expression "!=" Expression
rule 37 Operator: Expression ">" Expression
rule 38 Operator: Expression ">=" Expression
rule 39 Operator: Expression "<" Expression
rule 40 Operator: Expression "<=" Expression
rule 41 Operator: Expression "+" Expression
rule 42 Operator: Expression "-" Expression
rule 43 Operator: Expression "*" Expression
rule 44 Operator: Expression "/" Expression
rule 45 Operator: "!" Expression
rule 46 GetLocal: BIDENTIFIER
rule 47 SetLocal: BIDENTIFIER "=" Expression
rule 48 Block: NewLine Expressions BEND
rule 49 Def: BDEF BIDENTIFIER Block
rule 50 Def: BDEF BIDENTIFIER "(" ParamList ")" Block
rule 51 ParamList: 
rule 52 ParamList: BIDENTIFIER
rule 53 ParamList: ParamList "," BIDENTIFIER
rule 54 Class: BCLASS BIDENTIFIER Block
rule 55 If: BIF Expression Block
rule 56 While: BWHILE Expression Block

------- Symbols -------

**Nonterminals, with rules where they appear

  $start (33)
    on right: 
    on left : 
  Program (34)
    on right: 
    on left : 1 2
  Expressions (35)
    on right: 2 4 5 48
    on left : 3 4 5 6
  Expression (36)
    on right: 3 4 15 27 28 31 32 33 34 35 36 37 38 39 40 41 42 43 44 45 47 55 56
    on left : 7 8 9 10 11 12 13 14 15 16
  Terminator (37)
    on right: 4 5 6
    on left : 17 18
  Literal (38)
    on right: 7
    on left : 20 21 22 23 24
  Call (39)
    on right: 8
    on left : 25 27 28
  Operator (40)
    on right: 9
    on left : 33 34 35 36 37 38 39 40 41 42 43 44 45
  GetLocal (41)
    on right: 10
    on left : 46
  SetLocal (42)
    on right: 11
    on left : 47
  Def (43)
    on right: 12
    on left : 49 50
  Class (44)
    on right: 13
    on left : 54
  If (45)
    on right: 14
    on left : 55
  While (46)
    on right: 16
    on left : 56
  NewLine (47)
    on right: 18 48
    on left : 19
  Arguments (48)
    on right: 25 27
    on left : 29 30
  @1 (49)
    on right: 27
    on left : 26
  ArgList (50)
    on right: 30 32
    on left : 31 32
  Block (51)
    on right: 49 50 54 55 56
    on left : 48
  ParamList (52)
    on right: 50 53
    on left : 51 52 53

**Terminals, with rules where they appear

  $end (0) 
  error (1) 
  BIF (2) 55
  BDEF (3) 49 50
  BCLASS (4) 54
  BNUMBER (5) 20
  BSTRING (6) 21
  BTRUE (7) 22
  BFALSE (8) 23
  BNIL (9) 24
  BIDENTIFIER (10) 25 27 28 46 47 49 50 52 53 54
  BEND (11) 48
  NEWLINE (12) 19
  BWHILE (13) 56
  "." (14) 27 28
  "!" (15) 45
  "*" (16) 43
  "/" (17) 44
  "+" (18) 41
  "-" (19) 42
  ">" (20) 37
  ">=" (21) 38
  "<" (22) 39
  "<=" (23) 40
  "==" (24) 35
  "!=" (25) 36
  "&&" (26) 34
  "||" (27) 33
  "=" (28) 47
  "," (29) 32 53
  "(" (30) 15 29 30 50
  ")" (31) 15 29 30 50
  ";" (32) 17

--------- State ---------

state 0


  BIF           shift, and go to state 27
  BDEF          shift, and go to state 25
  BCLASS        shift, and go to state 26
  BNUMBER       shift, and go to state 18
  BSTRING       shift, and go to state 19
  BTRUE         shift, and go to state 20
  BFALSE        shift, and go to state 21
  BNIL          shift, and go to state 22
  BIDENTIFIER   shift, and go to state 23
  NEWLINE       shift, and go to state 17
  BWHILE        shift, and go to state 28
  "!"           shift, and go to state 24
  "("           shift, and go to state 13
  ";"           shift, and go to state 15
  $default      reduce using rule 1 (Program)

  Program       go to state 1
  Expressions   go to state 2
  Expression    go to state 3
  Terminator    go to state 4
  Literal       go to state 5
  Call          go to state 6
  Operator      go to state 7
  GetLocal      go to state 8
  SetLocal      go to state 9
  Def           go to state 10
  Class         go to state 11
  If            go to state 12
  While         go to state 14
  NewLine       go to state 16

state 1


  $end          shift, and go to state 29


state 2

   2) Program : Expressions _
   4) Expressions : Expressions _ Terminator Expression
   5) Expressions : Expressions _ Terminator

  NEWLINE       shift, and go to state 17
  ";"           shift, and go to state 15
  $default      reduce using rule 2 (Program)

  Terminator    go to state 30
  NewLine       go to state 16

state 3

   3) Expressions : Expression _
  27) Call : Expression _ "." BIDENTIFIER @1 Arguments
  28) Call : Expression _ "." BIDENTIFIER
  33) Operator : Expression _ "||" Expression
  34) Operator : Expression _ "&&" Expression
  35) Operator : Expression _ "==" Expression
  36) Operator : Expression _ "!=" Expression
  37) Operator : Expression _ ">" Expression
  38) Operator : Expression _ ">=" Expression
  39) Operator : Expression _ "<" Expression
  40) Operator : Expression _ "<=" Expression
  41) Operator : Expression _ "+" Expression
  42) Operator : Expression _ "-" Expression
  43) Operator : Expression _ "*" Expression
  44) Operator : Expression _ "/" Expression

  "."           shift, and go to state 31
  "*"           shift, and go to state 42
  "/"           shift, and go to state 43
  "+"           shift, and go to state 40
  "-"           shift, and go to state 41
  ">"           shift, and go to state 36
  ">="          shift, and go to state 37
  "<"           shift, and go to state 38
  "<="          shift, and go to state 39
  "=="          shift, and go to state 34
  "!="          shift, and go to state 35
  "&&"          shift, and go to state 33
  "||"          shift, and go to state 32
  $default      reduce using rule 3 (Expressions)


state 4

   6) Expressions : Terminator _

  $default      reduce using rule 6 (Expressions)


state 5

   7) Expression : Literal _

  $default      reduce using rule 7 (Expression)


state 6

   8) Expression : Call _

  $default      reduce using rule 8 (Expression)


state 7

   9) Expression : Operator _

  $default      reduce using rule 9 (Expression)


state 8

  10) Expression : GetLocal _

  $default      reduce using rule 10 (Expression)


state 9

  11) Expression : SetLocal _

  $default      reduce using rule 11 (Expression)


state 10

  12) Expression : Def _

  $default      reduce using rule 12 (Expression)


state 11

  13) Expression : Class _

  $default      reduce using rule 13 (Expression)


state 12

  14) Expression : If _

  $default      reduce using rule 14 (Expression)


state 13

  15) Expression : "(" _ Expression ")"

  BIF           shift, and go to state 27
  BDEF          shift, and go to state 25
  BCLASS        shift, and go to state 26
  BNUMBER       shift, and go to state 18
  BSTRING       shift, and go to state 19
  BTRUE         shift, and go to state 20
  BFALSE        shift, and go to state 21
  BNIL          shift, and go to state 22
  BIDENTIFIER   shift, and go to state 23
  BWHILE        shift, and go to state 28
  "!"           shift, and go to state 24
  "("           shift, and go to state 13

  Literal       go to state 5
  Call          go to state 6
  Operator      go to state 7
  GetLocal      go to state 8
  SetLocal      go to state 9
  Def           go to state 10
  Class         go to state 11
  If            go to state 12
  Expression    go to state 44
  While         go to state 14

state 14

  16) Expression : While _

  $default      reduce using rule 16 (Expression)


state 15

  17) Terminator : ";" _

  $default      reduce using rule 17 (Terminator)


state 16

  18) Terminator : NewLine _

  $default      reduce using rule 18 (Terminator)


state 17

  19) NewLine : NEWLINE _

  $default      reduce using rule 19 (NewLine)


state 18

  20) Literal : BNUMBER _

  $default      reduce using rule 20 (Literal)


state 19

  21) Literal : BSTRING _

  $default      reduce using rule 21 (Literal)


state 20

  22) Literal : BTRUE _

  $default      reduce using rule 22 (Literal)


state 21

  23) Literal : BFALSE _

  $default      reduce using rule 23 (Literal)


state 22

  24) Literal : BNIL _

  $default      reduce using rule 24 (Literal)


state 23

  25) Call : BIDENTIFIER _ Arguments
  46) GetLocal : BIDENTIFIER _
  47) SetLocal : BIDENTIFIER _ "=" Expression

  "="           shift, and go to state 47
  "("           shift, and go to state 46
  $default      reduce using rule 46 (GetLocal)

  Arguments     go to state 45

state 24

  45) Operator : "!" _ Expression

  BIF           shift, and go to state 27
  BDEF          shift, and go to state 25
  BCLASS        shift, and go to state 26
  BNUMBER       shift, and go to state 18
  BSTRING       shift, and go to state 19
  BTRUE         shift, and go to state 20
  BFALSE        shift, and go to state 21
  BNIL          shift, and go to state 22
  BIDENTIFIER   shift, and go to state 23
  BWHILE        shift, and go to state 28
  "!"           shift, and go to state 24
  "("           shift, and go to state 13

  Literal       go to state 5
  Call          go to state 6
  Operator      go to state 7
  GetLocal      go to state 8
  SetLocal      go to state 9
  Def           go to state 10
  Class         go to state 11
  If            go to state 12
  While         go to state 14
  Expression    go to state 48

state 25

  49) Def : BDEF _ BIDENTIFIER Block
  50) Def : BDEF _ BIDENTIFIER "(" ParamList ")" Block

  BIDENTIFIER   shift, and go to state 49


state 26

  54) Class : BCLASS _ BIDENTIFIER Block

  BIDENTIFIER   shift, and go to state 50


state 27

  55) If : BIF _ Expression Block

  BIF           shift, and go to state 27
  BDEF          shift, and go to state 25
  BCLASS        shift, and go to state 26
  BNUMBER       shift, and go to state 18
  BSTRING       shift, and go to state 19
  BTRUE         shift, and go to state 20
  BFALSE        shift, and go to state 21
  BNIL          shift, and go to state 22
  BIDENTIFIER   shift, and go to state 23
  BWHILE        shift, and go to state 28
  "!"           shift, and go to state 24
  "("           shift, and go to state 13

  Literal       go to state 5
  Call          go to state 6
  Operator      go to state 7
  GetLocal      go to state 8
  SetLocal      go to state 9
  Def           go to state 10
  Class         go to state 11
  If            go to state 12
  While         go to state 14
  Expression    go to state 51

state 28

  56) While : BWHILE _ Expression Block

  BIF           shift, and go to state 27
  BDEF          shift, and go to state 25
  BCLASS        shift, and go to state 26
  BNUMBER       shift, and go to state 18
  BSTRING       shift, and go to state 19
  BTRUE         shift, and go to state 20
  BFALSE        shift, and go to state 21
  BNIL          shift, and go to state 22
  BIDENTIFIER   shift, and go to state 23
  BWHILE        shift, and go to state 28
  "!"           shift, and go to state 24
  "("           shift, and go to state 13

  Literal       go to state 5
  Call          go to state 6
  Operator      go to state 7
  GetLocal      go to state 8
  SetLocal      go to state 9
  Def           go to state 10
  Class         go to state 11
  If            go to state 12
  While         go to state 14
  Expression    go to state 52

state 29


  $end          shift, and go to state 53


state 30

   4) Expressions : Expressions Terminator _ Expression
   5) Expressions : Expressions Terminator _

  BIF           shift, and go to state 27
  BDEF          shift, and go to state 25
  BCLASS        shift, and go to state 26
  BNUMBER       shift, and go to state 18
  BSTRING       shift, and go to state 19
  BTRUE         shift, and go to state 20
  BFALSE        shift, and go to state 21
  BNIL          shift, and go to state 22
  BIDENTIFIER   shift, and go to state 23
  BWHILE        shift, and go to state 28
  "!"           shift, and go to state 24
  "("           shift, and go to state 13
  $default      reduce using rule 5 (Expressions)

  Expression    go to state 54
  Literal       go to state 5
  Call          go to state 6
  Operator      go to state 7
  GetLocal      go to state 8
  SetLocal      go to state 9
  Def           go to state 10
  Class         go to state 11
  If            go to state 12
  While         go to state 14

state 31

  27) Call : Expression "." _ BIDENTIFIER @1 Arguments
  28) Call : Expression "." _ BIDENTIFIER

  BIDENTIFIER   shift, and go to state 55


state 32

  33) Operator : Expression "||" _ Expression

  BIF           shift, and go to state 27
  BDEF          shift, and go to state 25
  BCLASS        shift, and go to state 26
  BNUMBER       shift, and go to state 18
  BSTRING       shift, and go to state 19
  BTRUE         shift, and go to state 20
  BFALSE        shift, and go to state 21
  BNIL          shift, and go to state 22
  BIDENTIFIER   shift, and go to state 23
  BWHILE        shift, and go to state 28
  "!"           shift, and go to state 24
  "("           shift, and go to state 13

  Literal       go to state 5
  Call          go to state 6
  Operator      go to state 7
  GetLocal      go to state 8
  SetLocal      go to state 9
  Def           go to state 10
  Class         go to state 11
  If            go to state 12
  While         go to state 14
  Expression    go to state 56

state 33

  34) Operator : Expression "&&" _ Expression

  BIF           shift, and go to state 27
  BDEF          shift, and go to state 25
  BCLASS        shift, and go to state 26
  BNUMBER       shift, and go to state 18
  BSTRING       shift, and go to state 19
  BTRUE         shift, and go to state 20
  BFALSE        shift, and go to state 21
  BNIL          shift, and go to state 22
  BIDENTIFIER   shift, and go to state 23
  BWHILE        shift, and go to state 28
  "!"           shift, and go to state 24
  "("           shift, and go to state 13

  Literal       go to state 5
  Call          go to state 6
  Operator      go to state 7
  GetLocal      go to state 8
  SetLocal      go to state 9
  Def           go to state 10
  Class         go to state 11
  If            go to state 12
  While         go to state 14
  Expression    go to state 57

state 34

  35) Operator : Expression "==" _ Expression

  BIF           shift, and go to state 27
  BDEF          shift, and go to state 25
  BCLASS        shift, and go to state 26
  BNUMBER       shift, and go to state 18
  BSTRING       shift, and go to state 19
  BTRUE         shift, and go to state 20
  BFALSE        shift, and go to state 21
  BNIL          shift, and go to state 22
  BIDENTIFIER   shift, and go to state 23
  BWHILE        shift, and go to state 28
  "!"           shift, and go to state 24
  "("           shift, and go to state 13

  Literal       go to state 5
  Call          go to state 6
  Operator      go to state 7
  GetLocal      go to state 8
  SetLocal      go to state 9
  Def           go to state 10
  Class         go to state 11
  If            go to state 12
  While         go to state 14
  Expression    go to state 58

state 35

  36) Operator : Expression "!=" _ Expression

  BIF           shift, and go to state 27
  BDEF          shift, and go to state 25
  BCLASS        shift, and go to state 26
  BNUMBER       shift, and go to state 18
  BSTRING       shift, and go to state 19
  BTRUE         shift, and go to state 20
  BFALSE        shift, and go to state 21
  BNIL          shift, and go to state 22
  BIDENTIFIER   shift, and go to state 23
  BWHILE        shift, and go to state 28
  "!"           shift, and go to state 24
  "("           shift, and go to state 13

  Literal       go to state 5
  Call          go to state 6
  Operator      go to state 7
  GetLocal      go to state 8
  SetLocal      go to state 9
  Def           go to state 10
  Class         go to state 11
  If            go to state 12
  While         go to state 14
  Expression    go to state 59

state 36

  37) Operator : Expression ">" _ Expression

  BIF           shift, and go to state 27
  BDEF          shift, and go to state 25
  BCLASS        shift, and go to state 26
  BNUMBER       shift, and go to state 18
  BSTRING       shift, and go to state 19
  BTRUE         shift, and go to state 20
  BFALSE        shift, and go to state 21
  BNIL          shift, and go to state 22
  BIDENTIFIER   shift, and go to state 23
  BWHILE        shift, and go to state 28
  "!"           shift, and go to state 24
  "("           shift, and go to state 13

  Literal       go to state 5
  Call          go to state 6
  Operator      go to state 7
  GetLocal      go to state 8
  SetLocal      go to state 9
  Def           go to state 10
  Class         go to state 11
  If            go to state 12
  While         go to state 14
  Expression    go to state 60

state 37

  38) Operator : Expression ">=" _ Expression

  BIF           shift, and go to state 27
  BDEF          shift, and go to state 25
  BCLASS        shift, and go to state 26
  BNUMBER       shift, and go to state 18
  BSTRING       shift, and go to state 19
  BTRUE         shift, and go to state 20
  BFALSE        shift, and go to state 21
  BNIL          shift, and go to state 22
  BIDENTIFIER   shift, and go to state 23
  BWHILE        shift, and go to state 28
  "!"           shift, and go to state 24
  "("           shift, and go to state 13

  Literal       go to state 5
  Call          go to state 6
  Operator      go to state 7
  GetLocal      go to state 8
  SetLocal      go to state 9
  Def           go to state 10
  Class         go to state 11
  If            go to state 12
  While         go to state 14
  Expression    go to state 61

state 38

  39) Operator : Expression "<" _ Expression

  BIF           shift, and go to state 27
  BDEF          shift, and go to state 25
  BCLASS        shift, and go to state 26
  BNUMBER       shift, and go to state 18
  BSTRING       shift, and go to state 19
  BTRUE         shift, and go to state 20
  BFALSE        shift, and go to state 21
  BNIL          shift, and go to state 22
  BIDENTIFIER   shift, and go to state 23
  BWHILE        shift, and go to state 28
  "!"           shift, and go to state 24
  "("           shift, and go to state 13

  Literal       go to state 5
  Call          go to state 6
  Operator      go to state 7
  GetLocal      go to state 8
  SetLocal      go to state 9
  Def           go to state 10
  Class         go to state 11
  If            go to state 12
  While         go to state 14
  Expression    go to state 62

state 39

  40) Operator : Expression "<=" _ Expression

  BIF           shift, and go to state 27
  BDEF          shift, and go to state 25
  BCLASS        shift, and go to state 26
  BNUMBER       shift, and go to state 18
  BSTRING       shift, and go to state 19
  BTRUE         shift, and go to state 20
  BFALSE        shift, and go to state 21
  BNIL          shift, and go to state 22
  BIDENTIFIER   shift, and go to state 23
  BWHILE        shift, and go to state 28
  "!"           shift, and go to state 24
  "("           shift, and go to state 13

  Literal       go to state 5
  Call          go to state 6
  Operator      go to state 7
  GetLocal      go to state 8
  SetLocal      go to state 9
  Def           go to state 10
  Class         go to state 11
  If            go to state 12
  While         go to state 14
  Expression    go to state 63

state 40

  41) Operator : Expression "+" _ Expression

  BIF           shift, and go to state 27
  BDEF          shift, and go to state 25
  BCLASS        shift, and go to state 26
  BNUMBER       shift, and go to state 18
  BSTRING       shift, and go to state 19
  BTRUE         shift, and go to state 20
  BFALSE        shift, and go to state 21
  BNIL          shift, and go to state 22
  BIDENTIFIER   shift, and go to state 23
  BWHILE        shift, and go to state 28
  "!"           shift, and go to state 24
  "("           shift, and go to state 13

  Literal       go to state 5
  Call          go to state 6
  Operator      go to state 7
  GetLocal      go to state 8
  SetLocal      go to state 9
  Def           go to state 10
  Class         go to state 11
  If            go to state 12
  While         go to state 14
  Expression    go to state 64

state 41

  42) Operator : Expression "-" _ Expression

  BIF           shift, and go to state 27
  BDEF          shift, and go to state 25
  BCLASS        shift, and go to state 26
  BNUMBER       shift, and go to state 18
  BSTRING       shift, and go to state 19
  BTRUE         shift, and go to state 20
  BFALSE        shift, and go to state 21
  BNIL          shift, and go to state 22
  BIDENTIFIER   shift, and go to state 23
  BWHILE        shift, and go to state 28
  "!"           shift, and go to state 24
  "("           shift, and go to state 13

  Literal       go to state 5
  Call          go to state 6
  Operator      go to state 7
  GetLocal      go to state 8
  SetLocal      go to state 9
  Def           go to state 10
  Class         go to state 11
  If            go to state 12
  While         go to state 14
  Expression    go to state 65

state 42

  43) Operator : Expression "*" _ Expression

  BIF           shift, and go to state 27
  BDEF          shift, and go to state 25
  BCLASS        shift, and go to state 26
  BNUMBER       shift, and go to state 18
  BSTRING       shift, and go to state 19
  BTRUE         shift, and go to state 20
  BFALSE        shift, and go to state 21
  BNIL          shift, and go to state 22
  BIDENTIFIER   shift, and go to state 23
  BWHILE        shift, and go to state 28
  "!"           shift, and go to state 24
  "("           shift, and go to state 13

  Literal       go to state 5
  Call          go to state 6
  Operator      go to state 7
  GetLocal      go to state 8
  SetLocal      go to state 9
  Def           go to state 10
  Class         go to state 11
  If            go to state 12
  While         go to state 14
  Expression    go to state 66

state 43

  44) Operator : Expression "/" _ Expression

  BIF           shift, and go to state 27
  BDEF          shift, and go to state 25
  BCLASS        shift, and go to state 26
  BNUMBER       shift, and go to state 18
  BSTRING       shift, and go to state 19
  BTRUE         shift, and go to state 20
  BFALSE        shift, and go to state 21
  BNIL          shift, and go to state 22
  BIDENTIFIER   shift, and go to state 23
  BWHILE        shift, and go to state 28
  "!"           shift, and go to state 24
  "("           shift, and go to state 13

  Literal       go to state 5
  Call          go to state 6
  Operator      go to state 7
  GetLocal      go to state 8
  SetLocal      go to state 9
  Def           go to state 10
  Class         go to state 11
  If            go to state 12
  While         go to state 14
  Expression    go to state 67

state 44

  15) Expression : "(" Expression _ ")"
  27) Call : Expression _ "." BIDENTIFIER @1 Arguments
  28) Call : Expression _ "." BIDENTIFIER
  33) Operator : Expression _ "||" Expression
  34) Operator : Expression _ "&&" Expression
  35) Operator : Expression _ "==" Expression
  36) Operator : Expression _ "!=" Expression
  37) Operator : Expression _ ">" Expression
  38) Operator : Expression _ ">=" Expression
  39) Operator : Expression _ "<" Expression
  40) Operator : Expression _ "<=" Expression
  41) Operator : Expression _ "+" Expression
  42) Operator : Expression _ "-" Expression
  43) Operator : Expression _ "*" Expression
  44) Operator : Expression _ "/" Expression

  "."           shift, and go to state 31
  "*"           shift, and go to state 42
  "/"           shift, and go to state 43
  "+"           shift, and go to state 40
  "-"           shift, and go to state 41
  ">"           shift, and go to state 36
  ">="          shift, and go to state 37
  "<"           shift, and go to state 38
  "<="          shift, and go to state 39
  "=="          shift, and go to state 34
  "!="          shift, and go to state 35
  "&&"          shift, and go to state 33
  "||"          shift, and go to state 32
  ")"           shift, and go to state 68


state 45

  25) Call : BIDENTIFIER Arguments _

  $default      reduce using rule 25 (Call)


state 46

  29) Arguments : "(" _ ")"
  30) Arguments : "(" _ ArgList ")"

  BIF           shift, and go to state 27
  BDEF          shift, and go to state 25
  BCLASS        shift, and go to state 26
  BNUMBER       shift, and go to state 18
  BSTRING       shift, and go to state 19
  BTRUE         shift, and go to state 20
  BFALSE        shift, and go to state 21
  BNIL          shift, and go to state 22
  BIDENTIFIER   shift, and go to state 23
  BWHILE        shift, and go to state 28
  "!"           shift, and go to state 24
  "("           shift, and go to state 13
  ")"           shift, and go to state 70

  Literal       go to state 5
  Call          go to state 6
  Operator      go to state 7
  GetLocal      go to state 8
  SetLocal      go to state 9
  Def           go to state 10
  Class         go to state 11
  If            go to state 12
  While         go to state 14
  Expression    go to state 69
  ArgList       go to state 71

state 47

  47) SetLocal : BIDENTIFIER "=" _ Expression

  BIF           shift, and go to state 27
  BDEF          shift, and go to state 25
  BCLASS        shift, and go to state 26
  BNUMBER       shift, and go to state 18
  BSTRING       shift, and go to state 19
  BTRUE         shift, and go to state 20
  BFALSE        shift, and go to state 21
  BNIL          shift, and go to state 22
  BIDENTIFIER   shift, and go to state 23
  BWHILE        shift, and go to state 28
  "!"           shift, and go to state 24
  "("           shift, and go to state 13

  Literal       go to state 5
  Call          go to state 6
  Operator      go to state 7
  GetLocal      go to state 8
  SetLocal      go to state 9
  Def           go to state 10
  Class         go to state 11
  If            go to state 12
  While         go to state 14
  Expression    go to state 72

state 48

  27) Call : Expression _ "." BIDENTIFIER @1 Arguments
  28) Call : Expression _ "." BIDENTIFIER
  33) Operator : Expression _ "||" Expression
  34) Operator : Expression _ "&&" Expression
  35) Operator : Expression _ "==" Expression
  36) Operator : Expression _ "!=" Expression
  37) Operator : Expression _ ">" Expression
  38) Operator : Expression _ ">=" Expression
  39) Operator : Expression _ "<" Expression
  40) Operator : Expression _ "<=" Expression
  41) Operator : Expression _ "+" Expression
  42) Operator : Expression _ "-" Expression
  43) Operator : Expression _ "*" Expression
  44) Operator : Expression _ "/" Expression
  45) Operator : "!" Expression _

  "."           shift, and go to state 31
  $default      reduce using rule 45 (Operator)


state 49

  49) Def : BDEF BIDENTIFIER _ Block
  50) Def : BDEF BIDENTIFIER _ "(" ParamList ")" Block

  NEWLINE       shift, and go to state 17
  "("           shift, and go to state 75

  NewLine       go to state 73
  Block         go to state 74

state 50

  54) Class : BCLASS BIDENTIFIER _ Block

  NEWLINE       shift, and go to state 17

  NewLine       go to state 73
  Block         go to state 76

state 51

  27) Call : Expression _ "." BIDENTIFIER @1 Arguments
  28) Call : Expression _ "." BIDENTIFIER
  33) Operator : Expression _ "||" Expression
  34) Operator : Expression _ "&&" Expression
  35) Operator : Expression _ "==" Expression
  36) Operator : Expression _ "!=" Expression
  37) Operator : Expression _ ">" Expression
  38) Operator : Expression _ ">=" Expression
  39) Operator : Expression _ "<" Expression
  40) Operator : Expression _ "<=" Expression
  41) Operator : Expression _ "+" Expression
  42) Operator : Expression _ "-" Expression
  43) Operator : Expression _ "*" Expression
  44) Operator : Expression _ "/" Expression
  55) If : BIF Expression _ Block

  NEWLINE       shift, and go to state 17
  "."           shift, and go to state 31
  "*"           shift, and go to state 42
  "/"           shift, and go to state 43
  "+"           shift, and go to state 40
  "-"           shift, and go to state 41
  ">"           shift, and go to state 36
  ">="          shift, and go to state 37
  "<"           shift, and go to state 38
  "<="          shift, and go to state 39
  "=="          shift, and go to state 34
  "!="          shift, and go to state 35
  "&&"          shift, and go to state 33
  "||"          shift, and go to state 32

  NewLine       go to state 73
  Block         go to state 77

state 52

  27) Call : Expression _ "." BIDENTIFIER @1 Arguments
  28) Call : Expression _ "." BIDENTIFIER
  33) Operator : Expression _ "||" Expression
  34) Operator : Expression _ "&&" Expression
  35) Operator : Expression _ "==" Expression
  36) Operator : Expression _ "!=" Expression
  37) Operator : Expression _ ">" Expression
  38) Operator : Expression _ ">=" Expression
  39) Operator : Expression _ "<" Expression
  40) Operator : Expression _ "<=" Expression
  41) Operator : Expression _ "+" Expression
  42) Operator : Expression _ "-" Expression
  43) Operator : Expression _ "*" Expression
  44) Operator : Expression _ "/" Expression
  56) While : BWHILE Expression _ Block

  NEWLINE       shift, and go to state 17
  "."           shift, and go to state 31
  "*"           shift, and go to state 42
  "/"           shift, and go to state 43
  "+"           shift, and go to state 40
  "-"           shift, and go to state 41
  ">"           shift, and go to state 36
  ">="          shift, and go to state 37
  "<"           shift, and go to state 38
  "<="          shift, and go to state 39
  "=="          shift, and go to state 34
  "!="          shift, and go to state 35
  "&&"          shift, and go to state 33
  "||"          shift, and go to state 32

  NewLine       go to state 73
  Block         go to state 78

state 53


  $default      accept


state 54

   4) Expressions : Expressions Terminator Expression _
  27) Call : Expression _ "." BIDENTIFIER @1 Arguments
  28) Call : Expression _ "." BIDENTIFIER
  33) Operator : Expression _ "||" Expression
  34) Operator : Expression _ "&&" Expression
  35) Operator : Expression _ "==" Expression
  36) Operator : Expression _ "!=" Expression
  37) Operator : Expression _ ">" Expression
  38) Operator : Expression _ ">=" Expression
  39) Operator : Expression _ "<" Expression
  40) Operator : Expression _ "<=" Expression
  41) Operator : Expression _ "+" Expression
  42) Operator : Expression _ "-" Expression
  43) Operator : Expression _ "*" Expression
  44) Operator : Expression _ "/" Expression

  "."           shift, and go to state 31
  "*"           shift, and go to state 42
  "/"           shift, and go to state 43
  "+"           shift, and go to state 40
  "-"           shift, and go to state 41
  ">"           shift, and go to state 36
  ">="          shift, and go to state 37
  "<"           shift, and go to state 38
  "<="          shift, and go to state 39
  "=="          shift, and go to state 34
  "!="          shift, and go to state 35
  "&&"          shift, and go to state 33
  "||"          shift, and go to state 32
  $default      reduce using rule 4 (Expressions)


state 55

  27) Call : Expression "." BIDENTIFIER _ @1 Arguments
  28) Call : Expression "." BIDENTIFIER _

  "("           reduce using rule 26 (@1)
  $default      reduce using rule 28 (Call)

  @1            go to state 79

state 56

  27) Call : Expression _ "." BIDENTIFIER @1 Arguments
  28) Call : Expression _ "." BIDENTIFIER
  33) Operator : Expression _ "||" Expression
  33) Operator : Expression "||" Expression _
  34) Operator : Expression _ "&&" Expression
  35) Operator : Expression _ "==" Expression
  36) Operator : Expression _ "!=" Expression
  37) Operator : Expression _ ">" Expression
  38) Operator : Expression _ ">=" Expression
  39) Operator : Expression _ "<" Expression
  40) Operator : Expression _ "<=" Expression
  41) Operator : Expression _ "+" Expression
  42) Operator : Expression _ "-" Expression
  43) Operator : Expression _ "*" Expression
  44) Operator : Expression _ "/" Expression

  "."           shift, and go to state 31
  "*"           shift, and go to state 42
  "/"           shift, and go to state 43
  "+"           shift, and go to state 40
  "-"           shift, and go to state 41
  ">"           shift, and go to state 36
  ">="          shift, and go to state 37
  "<"           shift, and go to state 38
  "<="          shift, and go to state 39
  "=="          shift, and go to state 34
  "!="          shift, and go to state 35
  "&&"          shift, and go to state 33
  $default      reduce using rule 33 (Operator)


state 57

  27) Call : Expression _ "." BIDENTIFIER @1 Arguments
  28) Call : Expression _ "." BIDENTIFIER
  33) Operator : Expression _ "||" Expression
  34) Operator : Expression _ "&&" Expression
  34) Operator : Expression "&&" Expression _
  35) Operator : Expression _ "==" Expression
  36) Operator : Expression _ "!=" Expression
  37) Operator : Expression _ ">" Expression
  38) Operator : Expression _ ">=" Expression
  39) Operator : Expression _ "<" Expression
  40) Operator : Expression _ "<=" Expression
  41) Operator : Expression _ "+" Expression
  42) Operator : Expression _ "-" Expression
  43) Operator : Expression _ "*" Expression
  44) Operator : Expression _ "/" Expression

  "."           shift, and go to state 31
  "*"           shift, and go to state 42
  "/"           shift, and go to state 43
  "+"           shift, and go to state 40
  "-"           shift, and go to state 41
  ">"           shift, and go to state 36
  ">="          shift, and go to state 37
  "<"           shift, and go to state 38
  "<="          shift, and go to state 39
  "=="          shift, and go to state 34
  "!="          shift, and go to state 35
  $default      reduce using rule 34 (Operator)


state 58

  27) Call : Expression _ "." BIDENTIFIER @1 Arguments
  28) Call : Expression _ "." BIDENTIFIER
  33) Operator : Expression _ "||" Expression
  34) Operator : Expression _ "&&" Expression
  35) Operator : Expression _ "==" Expression
  35) Operator : Expression "==" Expression _
  36) Operator : Expression _ "!=" Expression
  37) Operator : Expression _ ">" Expression
  38) Operator : Expression _ ">=" Expression
  39) Operator : Expression _ "<" Expression
  40) Operator : Expression _ "<=" Expression
  41) Operator : Expression _ "+" Expression
  42) Operator : Expression _ "-" Expression
  43) Operator : Expression _ "*" Expression
  44) Operator : Expression _ "/" Expression

  "."           shift, and go to state 31
  "*"           shift, and go to state 42
  "/"           shift, and go to state 43
  "+"           shift, and go to state 40
  "-"           shift, and go to state 41
  ">"           shift, and go to state 36
  ">="          shift, and go to state 37
  "<"           shift, and go to state 38
  "<="          shift, and go to state 39
  $default      reduce using rule 35 (Operator)


state 59

  27) Call : Expression _ "." BIDENTIFIER @1 Arguments
  28) Call : Expression _ "." BIDENTIFIER
  33) Operator : Expression _ "||" Expression
  34) Operator : Expression _ "&&" Expression
  35) Operator : Expression _ "==" Expression
  36) Operator : Expression _ "!=" Expression
  36) Operator : Expression "!=" Expression _
  37) Operator : Expression _ ">" Expression
  38) Operator : Expression _ ">=" Expression
  39) Operator : Expression _ "<" Expression
  40) Operator : Expression _ "<=" Expression
  41) Operator : Expression _ "+" Expression
  42) Operator : Expression _ "-" Expression
  43) Operator : Expression _ "*" Expression
  44) Operator : Expression _ "/" Expression

  "."           shift, and go to state 31
  "*"           shift, and go to state 42
  "/"           shift, and go to state 43
  "+"           shift, and go to state 40
  "-"           shift, and go to state 41
  ">"           shift, and go to state 36
  ">="          shift, and go to state 37
  "<"           shift, and go to state 38
  "<="          shift, and go to state 39
  $default      reduce using rule 36 (Operator)


state 60

  27) Call : Expression _ "." BIDENTIFIER @1 Arguments
  28) Call : Expression _ "." BIDENTIFIER
  33) Operator : Expression _ "||" Expression
  34) Operator : Expression _ "&&" Expression
  35) Operator : Expression _ "==" Expression
  36) Operator : Expression _ "!=" Expression
  37) Operator : Expression _ ">" Expression
  37) Operator : Expression ">" Expression _
  38) Operator : Expression _ ">=" Expression
  39) Operator : Expression _ "<" Expression
  40) Operator : Expression _ "<=" Expression
  41) Operator : Expression _ "+" Expression
  42) Operator : Expression _ "-" Expression
  43) Operator : Expression _ "*" Expression
  44) Operator : Expression _ "/" Expression

  "."           shift, and go to state 31
  "*"           shift, and go to state 42
  "/"           shift, and go to state 43
  "+"           shift, and go to state 40
  "-"           shift, and go to state 41
  $default      reduce using rule 37 (Operator)


state 61

  27) Call : Expression _ "." BIDENTIFIER @1 Arguments
  28) Call : Expression _ "." BIDENTIFIER
  33) Operator : Expression _ "||" Expression
  34) Operator : Expression _ "&&" Expression
  35) Operator : Expression _ "==" Expression
  36) Operator : Expression _ "!=" Expression
  37) Operator : Expression _ ">" Expression
  38) Operator : Expression _ ">=" Expression
  38) Operator : Expression ">=" Expression _
  39) Operator : Expression _ "<" Expression
  40) Operator : Expression _ "<=" Expression
  41) Operator : Expression _ "+" Expression
  42) Operator : Expression _ "-" Expression
  43) Operator : Expression _ "*" Expression
  44) Operator : Expression _ "/" Expression

  "."           shift, and go to state 31
  "*"           shift, and go to state 42
  "/"           shift, and go to state 43
  "+"           shift, and go to state 40
  "-"           shift, and go to state 41
  $default      reduce using rule 38 (Operator)


state 62

  27) Call : Expression _ "." BIDENTIFIER @1 Arguments
  28) Call : Expression _ "." BIDENTIFIER
  33) Operator : Expression _ "||" Expression
  34) Operator : Expression _ "&&" Expression
  35) Operator : Expression _ "==" Expression
  36) Operator : Expression _ "!=" Expression
  37) Operator : Expression _ ">" Expression
  38) Operator : Expression _ ">=" Expression
  39) Operator : Expression _ "<" Expression
  39) Operator : Expression "<" Expression _
  40) Operator : Expression _ "<=" Expression
  41) Operator : Expression _ "+" Expression
  42) Operator : Expression _ "-" Expression
  43) Operator : Expression _ "*" Expression
  44) Operator : Expression _ "/" Expression

  "."           shift, and go to state 31
  "*"           shift, and go to state 42
  "/"           shift, and go to state 43
  "+"           shift, and go to state 40
  "-"           shift, and go to state 41
  $default      reduce using rule 39 (Operator)


state 63

  27) Call : Expression _ "." BIDENTIFIER @1 Arguments
  28) Call : Expression _ "." BIDENTIFIER
  33) Operator : Expression _ "||" Expression
  34) Operator : Expression _ "&&" Expression
  35) Operator : Expression _ "==" Expression
  36) Operator : Expression _ "!=" Expression
  37) Operator : Expression _ ">" Expression
  38) Operator : Expression _ ">=" Expression
  39) Operator : Expression _ "<" Expression
  40) Operator : Expression _ "<=" Expression
  40) Operator : Expression "<=" Expression _
  41) Operator : Expression _ "+" Expression
  42) Operator : Expression _ "-" Expression
  43) Operator : Expression _ "*" Expression
  44) Operator : Expression _ "/" Expression

  "."           shift, and go to state 31
  "*"           shift, and go to state 42
  "/"           shift, and go to state 43
  "+"           shift, and go to state 40
  "-"           shift, and go to state 41
  $default      reduce using rule 40 (Operator)


state 64

  27) Call : Expression _ "." BIDENTIFIER @1 Arguments
  28) Call : Expression _ "." BIDENTIFIER
  33) Operator : Expression _ "||" Expression
  34) Operator : Expression _ "&&" Expression
  35) Operator : Expression _ "==" Expression
  36) Operator : Expression _ "!=" Expression
  37) Operator : Expression _ ">" Expression
  38) Operator : Expression _ ">=" Expression
  39) Operator : Expression _ "<" Expression
  40) Operator : Expression _ "<=" Expression
  41) Operator : Expression _ "+" Expression
  41) Operator : Expression "+" Expression _
  42) Operator : Expression _ "-" Expression
  43) Operator : Expression _ "*" Expression
  44) Operator : Expression _ "/" Expression

  "."           shift, and go to state 31
  "*"           shift, and go to state 42
  "/"           shift, and go to state 43
  $default      reduce using rule 41 (Operator)


state 65

  27) Call : Expression _ "." BIDENTIFIER @1 Arguments
  28) Call : Expression _ "." BIDENTIFIER
  33) Operator : Expression _ "||" Expression
  34) Operator : Expression _ "&&" Expression
  35) Operator : Expression _ "==" Expression
  36) Operator : Expression _ "!=" Expression
  37) Operator : Expression _ ">" Expression
  38) Operator : Expression _ ">=" Expression
  39) Operator : Expression _ "<" Expression
  40) Operator : Expression _ "<=" Expression
  41) Operator : Expression _ "+" Expression
  42) Operator : Expression _ "-" Expression
  42) Operator : Expression "-" Expression _
  43) Operator : Expression _ "*" Expression
  44) Operator : Expression _ "/" Expression

  "."           shift, and go to state 31
  "*"           shift, and go to state 42
  "/"           shift, and go to state 43
  $default      reduce using rule 42 (Operator)


state 66

  27) Call : Expression _ "." BIDENTIFIER @1 Arguments
  28) Call : Expression _ "." BIDENTIFIER
  33) Operator : Expression _ "||" Expression
  34) Operator : Expression _ "&&" Expression
  35) Operator : Expression _ "==" Expression
  36) Operator : Expression _ "!=" Expression
  37) Operator : Expression _ ">" Expression
  38) Operator : Expression _ ">=" Expression
  39) Operator : Expression _ "<" Expression
  40) Operator : Expression _ "<=" Expression
  41) Operator : Expression _ "+" Expression
  42) Operator : Expression _ "-" Expression
  43) Operator : Expression _ "*" Expression
  43) Operator : Expression "*" Expression _
  44) Operator : Expression _ "/" Expression

  "."           shift, and go to state 31
  $default      reduce using rule 43 (Operator)


state 67

  27) Call : Expression _ "." BIDENTIFIER @1 Arguments
  28) Call : Expression _ "." BIDENTIFIER
  33) Operator : Expression _ "||" Expression
  34) Operator : Expression _ "&&" Expression
  35) Operator : Expression _ "==" Expression
  36) Operator : Expression _ "!=" Expression
  37) Operator : Expression _ ">" Expression
  38) Operator : Expression _ ">=" Expression
  39) Operator : Expression _ "<" Expression
  40) Operator : Expression _ "<=" Expression
  41) Operator : Expression _ "+" Expression
  42) Operator : Expression _ "-" Expression
  43) Operator : Expression _ "*" Expression
  44) Operator : Expression _ "/" Expression
  44) Operator : Expression "/" Expression _

  "."           shift, and go to state 31
  $default      reduce using rule 44 (Operator)


state 68

  15) Expression : "(" Expression ")" _

  $default      reduce using rule 15 (Expression)


state 69

  27) Call : Expression _ "." BIDENTIFIER @1 Arguments
  28) Call : Expression _ "." BIDENTIFIER
  31) ArgList : Expression _
  33) Operator : Expression _ "||" Expression
  34) Operator : Expression _ "&&" Expression
  35) Operator : Expression _ "==" Expression
  36) Operator : Expression _ "!=" Expression
  37) Operator : Expression _ ">" Expression
  38) Operator : Expression _ ">=" Expression
  39) Operator : Expression _ "<" Expression
  40) Operator : Expression _ "<=" Expression
  41) Operator : Expression _ "+" Expression
  42) Operator : Expression _ "-" Expression
  43) Operator : Expression _ "*" Expression
  44) Operator : Expression _ "/" Expression

  "."           shift, and go to state 31
  "*"           shift, and go to state 42
  "/"           shift, and go to state 43
  "+"           shift, and go to state 40
  "-"           shift, and go to state 41
  ">"           shift, and go to state 36
  ">="          shift, and go to state 37
  "<"           shift, and go to state 38
  "<="          shift, and go to state 39
  "=="          shift, and go to state 34
  "!="          shift, and go to state 35
  "&&"          shift, and go to state 33
  "||"          shift, and go to state 32
  $default      reduce using rule 31 (ArgList)


state 70

  29) Arguments : "(" ")" _

  $default      reduce using rule 29 (Arguments)


state 71

  30) Arguments : "(" ArgList _ ")"
  32) ArgList : ArgList _ "," Expression

  ","           shift, and go to state 81
  ")"           shift, and go to state 80


state 72

  27) Call : Expression _ "." BIDENTIFIER @1 Arguments
  28) Call : Expression _ "." BIDENTIFIER
  33) Operator : Expression _ "||" Expression
  34) Operator : Expression _ "&&" Expression
  35) Operator : Expression _ "==" Expression
  36) Operator : Expression _ "!=" Expression
  37) Operator : Expression _ ">" Expression
  38) Operator : Expression _ ">=" Expression
  39) Operator : Expression _ "<" Expression
  40) Operator : Expression _ "<=" Expression
  41) Operator : Expression _ "+" Expression
  42) Operator : Expression _ "-" Expression
  43) Operator : Expression _ "*" Expression
  44) Operator : Expression _ "/" Expression
  47) SetLocal : BIDENTIFIER "=" Expression _

  "."           shift, and go to state 31
  "*"           shift, and go to state 42
  "/"           shift, and go to state 43
  "+"           shift, and go to state 40
  "-"           shift, and go to state 41
  ">"           shift, and go to state 36
  ">="          shift, and go to state 37
  "<"           shift, and go to state 38
  "<="          shift, and go to state 39
  "=="          shift, and go to state 34
  "!="          shift, and go to state 35
  "&&"          shift, and go to state 33
  "||"          shift, and go to state 32
  $default      reduce using rule 47 (SetLocal)


state 73

  48) Block : NewLine _ Expressions BEND

  BIF           shift, and go to state 27
  BDEF          shift, and go to state 25
  BCLASS        shift, and go to state 26
  BNUMBER       shift, and go to state 18
  BSTRING       shift, and go to state 19
  BTRUE         shift, and go to state 20
  BFALSE        shift, and go to state 21
  BNIL          shift, and go to state 22
  BIDENTIFIER   shift, and go to state 23
  NEWLINE       shift, and go to state 17
  BWHILE        shift, and go to state 28
  "!"           shift, and go to state 24
  "("           shift, and go to state 13
  ";"           shift, and go to state 15

  Expression    go to state 3
  Expressions   go to state 82
  Terminator    go to state 4
  Literal       go to state 5
  Call          go to state 6
  Operator      go to state 7
  GetLocal      go to state 8
  SetLocal      go to state 9
  Def           go to state 10
  Class         go to state 11
  If            go to state 12
  While         go to state 14
  NewLine       go to state 16

state 74

  49) Def : BDEF BIDENTIFIER Block _

  $default      reduce using rule 49 (Def)


state 75

  50) Def : BDEF BIDENTIFIER "(" _ ParamList ")" Block

  BIDENTIFIER   shift, and go to state 84
  $default      reduce using rule 51 (ParamList)

  ParamList     go to state 83

state 76

  54) Class : BCLASS BIDENTIFIER Block _

  $default      reduce using rule 54 (Class)


state 77

  55) If : BIF Expression Block _

  $default      reduce using rule 55 (If)


state 78

  56) While : BWHILE Expression Block _

  $default      reduce using rule 56 (While)


state 79

  27) Call : Expression "." BIDENTIFIER @1 _ Arguments

  "("           shift, and go to state 46

  Arguments     go to state 85

state 80

  30) Arguments : "(" ArgList ")" _

  $default      reduce using rule 30 (Arguments)


state 81

  32) ArgList : ArgList "," _ Expression

  BIF           shift, and go to state 27
  BDEF          shift, and go to state 25
  BCLASS        shift, and go to state 26
  BNUMBER       shift, and go to state 18
  BSTRING       shift, and go to state 19
  BTRUE         shift, and go to state 20
  BFALSE        shift, and go to state 21
  BNIL          shift, and go to state 22
  BIDENTIFIER   shift, and go to state 23
  BWHILE        shift, and go to state 28
  "!"           shift, and go to state 24
  "("           shift, and go to state 13

  Literal       go to state 5
  Call          go to state 6
  Operator      go to state 7
  GetLocal      go to state 8
  SetLocal      go to state 9
  Def           go to state 10
  Class         go to state 11
  If            go to state 12
  While         go to state 14
  Expression    go to state 86

state 82

   4) Expressions : Expressions _ Terminator Expression
   5) Expressions : Expressions _ Terminator
  48) Block : NewLine Expressions _ BEND

  BEND          shift, and go to state 87
  NEWLINE       shift, and go to state 17
  ";"           shift, and go to state 15

  Terminator    go to state 30
  NewLine       go to state 16

state 83

  50) Def : BDEF BIDENTIFIER "(" ParamList _ ")" Block
  53) ParamList : ParamList _ "," BIDENTIFIER

  ","           shift, and go to state 89
  ")"           shift, and go to state 88


state 84

  52) ParamList : BIDENTIFIER _

  $default      reduce using rule 52 (ParamList)


state 85

  27) Call : Expression "." BIDENTIFIER @1 Arguments _

  $default      reduce using rule 27 (Call)


state 86

  27) Call : Expression _ "." BIDENTIFIER @1 Arguments
  28) Call : Expression _ "." BIDENTIFIER
  32) ArgList : ArgList "," Expression _
  33) Operator : Expression _ "||" Expression
  34) Operator : Expression _ "&&" Expression
  35) Operator : Expression _ "==" Expression
  36) Operator : Expression _ "!=" Expression
  37) Operator : Expression _ ">" Expression
  38) Operator : Expression _ ">=" Expression
  39) Operator : Expression _ "<" Expression
  40) Operator : Expression _ "<=" Expression
  41) Operator : Expression _ "+" Expression
  42) Operator : Expression _ "-" Expression
  43) Operator : Expression _ "*" Expression
  44) Operator : Expression _ "/" Expression

  "."           shift, and go to state 31
  "*"           shift, and go to state 42
  "/"           shift, and go to state 43
  "+"           shift, and go to state 40
  "-"           shift, and go to state 41
  ">"           shift, and go to state 36
  ">="          shift, and go to state 37
  "<"           shift, and go to state 38
  "<="          shift, and go to state 39
  "=="          shift, and go to state 34
  "!="          shift, and go to state 35
  "&&"          shift, and go to state 33
  "||"          shift, and go to state 32
  $default      reduce using rule 32 (ArgList)


state 87

  48) Block : NewLine Expressions BEND _

  $default      reduce using rule 48 (Block)


state 88

  50) Def : BDEF BIDENTIFIER "(" ParamList ")" _ Block

  NEWLINE       shift, and go to state 17

  NewLine       go to state 73
  Block         go to state 90

state 89

  53) ParamList : ParamList "," _ BIDENTIFIER

  BIDENTIFIER   shift, and go to state 91


state 90

  50) Def : BDEF BIDENTIFIER "(" ParamList ")" Block _

  $default      reduce using rule 50 (Def)


state 91

  53) ParamList : ParamList "," BIDENTIFIER _

  $default      reduce using rule 53 (ParamList)

